#! /usr/local/Cellar/icarus-verilog/10.2/bin/vvp
:ivl_version "10.2 (stable)" "(v10_2)";
:ivl_delay_selection "TYPICAL";
:vpi_time_precision + 0;
:vpi_module "system";
:vpi_module "vhdl_sys";
:vpi_module "v2005_math";
:vpi_module "va_math";
S_0x7fefc8702dd0 .scope module, "processor" "processor" 2 1;
 .timescale 0 0;
v0x7fefc871e160_0 .var "branch", 0 0;
v0x7fefc871e210_0 .net "branch_pc", 31 0, v0x7fefc8702f30_0;  1 drivers
v0x7fefc871e2e0_0 .var "imm", 15 0;
v0x7fefc871e390_0 .var "jump", 0 0;
v0x7fefc871e440_0 .net "jump_pc", 31 0, v0x7fefc871d230_0;  1 drivers
v0x7fefc871e550_0 .var "jumper", 25 0;
v0x7fefc871e5e0_0 .net "new_pc", 31 0, v0x7fefc871db30_0;  1 drivers
v0x7fefc871e6b0_0 .net "pc", 31 0, v0x7fefc871e080_0;  1 drivers
v0x7fefc871e780_0 .net "temp_pc", 31 0, v0x7fefc871d3a0_0;  1 drivers
S_0x7fefc8700e30 .scope module, "Branch_pc" "branch_pc" 2 21, 3 1 0, S_0x7fefc8702dd0;
 .timescale 0 0;
    .port_info 0 /INPUT 32 "in_pc"
    .port_info 1 /INPUT 16 "imm"
    .port_info 2 /OUTPUT 32 "branch_pc"
v0x7fefc8702f30_0 .var "branch_pc", 31 0;
v0x7fefc871cc60_0 .net "imm", 15 0, v0x7fefc871e2e0_0;  1 drivers
v0x7fefc871cd10_0 .net "in_pc", 31 0, v0x7fefc871d3a0_0;  alias, 1 drivers
v0x7fefc871cdd0_0 .var "temp_pc", 31 0;
E_0x7fefc8703210 .event edge, v0x7fefc871cdd0_0, v0x7fefc871cd10_0;
E_0x7fefc8703330 .event edge, v0x7fefc871cc60_0;
S_0x7fefc871ced0 .scope module, "Jump_pc" "jump_pc" 2 14, 4 1 0, S_0x7fefc8702dd0;
 .timescale 0 0;
    .port_info 0 /INPUT 32 "in_pc"
    .port_info 1 /INPUT 26 "jumper"
    .port_info 2 /OUTPUT 32 "jump_pc"
    .port_info 3 /OUTPUT 32 "out_pc"
v0x7fefc871d170_0 .net "in_pc", 31 0, v0x7fefc871e080_0;  alias, 1 drivers
v0x7fefc871d230_0 .var "jump_pc", 31 0;
v0x7fefc871d2e0_0 .net "jumper", 25 0, v0x7fefc871e550_0;  1 drivers
v0x7fefc871d3a0_0 .var "out_pc", 31 0;
E_0x7fefc871d0f0 .event edge, v0x7fefc871d2e0_0, v0x7fefc871cd10_0;
E_0x7fefc871d130 .event edge, v0x7fefc871d170_0;
S_0x7fefc871d4b0 .scope module, "New_pc" "new_pc" 2 27, 5 1 0, S_0x7fefc8702dd0;
 .timescale 0 0;
    .port_info 0 /INPUT 32 "in_pc"
    .port_info 1 /INPUT 32 "jump_pc"
    .port_info 2 /INPUT 32 "branch_pc"
    .port_info 3 /INPUT 1 "jump"
    .port_info 4 /INPUT 1 "branch"
    .port_info 5 /OUTPUT 32 "new_pc"
v0x7fefc871d770_0 .net "branch", 0 0, v0x7fefc871e160_0;  1 drivers
v0x7fefc871d820_0 .net "branch_pc", 31 0, v0x7fefc8702f30_0;  alias, 1 drivers
v0x7fefc871d8e0_0 .net "in_pc", 31 0, v0x7fefc871d3a0_0;  alias, 1 drivers
v0x7fefc871d9d0_0 .net "jump", 0 0, v0x7fefc871e390_0;  1 drivers
v0x7fefc871da60_0 .net "jump_pc", 31 0, v0x7fefc871d230_0;  alias, 1 drivers
v0x7fefc871db30_0 .var "new_pc", 31 0;
v0x7fefc871dbc0_0 .var "temp_pc", 31 0;
E_0x7fefc871d720 .event edge, v0x7fefc8702f30_0, v0x7fefc871d230_0, v0x7fefc871cd10_0;
S_0x7fefc871dd00 .scope module, "PC" "pc" 2 9, 6 1 0, S_0x7fefc8702dd0;
 .timescale 0 0;
    .port_info 0 /INPUT 32 "in_pc"
    .port_info 1 /OUTPUT 32 "out_pc"
v0x7fefc871df10_0 .var "clk", 0 0;
v0x7fefc871dfc0_0 .net "in_pc", 31 0, v0x7fefc871db30_0;  alias, 1 drivers
v0x7fefc871e080_0 .var "out_pc", 31 0;
E_0x7fefc871dec0 .event posedge, v0x7fefc871df10_0;
    .scope S_0x7fefc871dd00;
T_0 ;
    %pushi/vec4 1, 0, 1;
    %store/vec4 v0x7fefc871df10_0, 0, 1;
    %pushi/vec4 0, 0, 32;
    %store/vec4 v0x7fefc871e080_0, 0, 32;
    %end;
    .thread T_0;
    .scope S_0x7fefc871dd00;
T_1 ;
    %delay 5, 0;
    %load/vec4 v0x7fefc871df10_0;
    %inv;
    %store/vec4 v0x7fefc871df10_0, 0, 1;
    %jmp T_1;
    .thread T_1;
    .scope S_0x7fefc871dd00;
T_2 ;
    %wait E_0x7fefc871dec0;
    %load/vec4 v0x7fefc871dfc0_0;
    %store/vec4 v0x7fefc871e080_0, 0, 32;
    %jmp T_2;
    .thread T_2;
    .scope S_0x7fefc871ced0;
T_3 ;
    %pushi/vec4 0, 0, 32;
    %store/vec4 v0x7fefc871d230_0, 0, 32;
    %pushi/vec4 0, 0, 32;
    %store/vec4 v0x7fefc871d3a0_0, 0, 32;
    %end;
    .thread T_3;
    .scope S_0x7fefc871ced0;
T_4 ;
    %wait E_0x7fefc871d130;
    %load/vec4 v0x7fefc871d170_0;
    %addi 4, 0, 32;
    %store/vec4 v0x7fefc871d3a0_0, 0, 32;
    %jmp T_4;
    .thread T_4, $push;
    .scope S_0x7fefc871ced0;
T_5 ;
    %wait E_0x7fefc871d0f0;
    %load/vec4 v0x7fefc871d3a0_0;
    %parti/s 3, 29, 6;
    %load/vec4 v0x7fefc871d2e0_0;
    %ix/load 4, 2, 0;
    %flag_set/imm 4, 0;
    %shiftl 4;
    %concat/vec4; draw_concat_vec4
    %pad/u 32;
    %store/vec4 v0x7fefc871d230_0, 0, 32;
    %vpi_call 4 15 "$display", "JUMP: time: %t out_pc: %d in_pc: %d jump_pc: %d", $time, v0x7fefc871d3a0_0, v0x7fefc871d170_0, v0x7fefc871d230_0 {0 0 0};
    %jmp T_5;
    .thread T_5, $push;
    .scope S_0x7fefc8700e30;
T_6 ;
    %pushi/vec4 0, 0, 32;
    %store/vec4 v0x7fefc8702f30_0, 0, 32;
    %end;
    .thread T_6;
    .scope S_0x7fefc8700e30;
T_7 ;
    %wait E_0x7fefc8703330;
    %load/vec4 v0x7fefc871cc60_0;
    %pad/u 32;
    %store/vec4 v0x7fefc871cdd0_0, 0, 32;
    %load/vec4 v0x7fefc871cdd0_0;
    %ix/load 4, 2, 0;
    %flag_set/imm 4, 0;
    %shiftl 4;
    %store/vec4 v0x7fefc871cdd0_0, 0, 32;
    %jmp T_7;
    .thread T_7, $push;
    .scope S_0x7fefc8700e30;
T_8 ;
    %wait E_0x7fefc8703210;
    %load/vec4 v0x7fefc871cdd0_0;
    %load/vec4 v0x7fefc871cd10_0;
    %add;
    %store/vec4 v0x7fefc8702f30_0, 0, 32;
    %jmp T_8;
    .thread T_8, $push;
    .scope S_0x7fefc871d4b0;
T_9 ;
    %pushi/vec4 0, 0, 32;
    %store/vec4 v0x7fefc871db30_0, 0, 32;
    %end;
    .thread T_9;
    .scope S_0x7fefc871d4b0;
T_10 ;
    %wait E_0x7fefc871d720;
    %load/vec4 v0x7fefc871d770_0;
    %dup/vec4;
    %pushi/vec4 0, 0, 1;
    %cmp/u;
    %jmp/1 T_10.0, 6;
    %dup/vec4;
    %pushi/vec4 1, 0, 1;
    %cmp/u;
    %jmp/1 T_10.1, 6;
    %jmp T_10.2;
T_10.0 ;
    %load/vec4 v0x7fefc871d8e0_0;
    %store/vec4 v0x7fefc871dbc0_0, 0, 32;
    %jmp T_10.2;
T_10.1 ;
    %load/vec4 v0x7fefc871d820_0;
    %store/vec4 v0x7fefc871dbc0_0, 0, 32;
    %jmp T_10.2;
T_10.2 ;
    %pop/vec4 1;
    %load/vec4 v0x7fefc871d9d0_0;
    %dup/vec4;
    %pushi/vec4 0, 0, 1;
    %cmp/u;
    %jmp/1 T_10.3, 6;
    %dup/vec4;
    %pushi/vec4 1, 0, 1;
    %cmp/u;
    %jmp/1 T_10.4, 6;
    %jmp T_10.5;
T_10.3 ;
    %load/vec4 v0x7fefc871dbc0_0;
    %store/vec4 v0x7fefc871db30_0, 0, 32;
    %jmp T_10.5;
T_10.4 ;
    %load/vec4 v0x7fefc871da60_0;
    %store/vec4 v0x7fefc871db30_0, 0, 32;
    %jmp T_10.5;
T_10.5 ;
    %pop/vec4 1;
    %jmp T_10;
    .thread T_10, $push;
    .scope S_0x7fefc8702dd0;
T_11 ;
    %vpi_call 2 37 "$dumpfile", "processor.vcd" {0 0 0};
    %vpi_call 2 38 "$dumpvars", 32'sb00000000000000000000000000000000, S_0x7fefc8702dd0 {0 0 0};
    %vpi_call 2 39 "$display", "new pc: %b\012", v0x7fefc871e5e0_0 {0 0 0};
    %pushi/vec4 0, 0, 1;
    %store/vec4 v0x7fefc871e390_0, 0, 1;
    %pushi/vec4 0, 0, 26;
    %store/vec4 v0x7fefc871e550_0, 0, 26;
    %pushi/vec4 0, 0, 1;
    %store/vec4 v0x7fefc871e160_0, 0, 1;
    %pushi/vec4 0, 0, 16;
    %store/vec4 v0x7fefc871e2e0_0, 0, 16;
    %delay 50, 0;
    %pushi/vec4 1, 0, 1;
    %store/vec4 v0x7fefc871e390_0, 0, 1;
    %pushi/vec4 0, 0, 1;
    %store/vec4 v0x7fefc871e160_0, 0, 1;
    %pushi/vec4 10, 0, 26;
    %store/vec4 v0x7fefc871e550_0, 0, 26;
    %delay 10, 0;
    %pushi/vec4 0, 0, 1;
    %store/vec4 v0x7fefc871e390_0, 0, 1;
    %pushi/vec4 0, 0, 1;
    %store/vec4 v0x7fefc871e160_0, 0, 1;
    %delay 10, 0;
    %pushi/vec4 1, 0, 1;
    %store/vec4 v0x7fefc871e160_0, 0, 1;
    %pushi/vec4 12, 0, 16;
    %store/vec4 v0x7fefc871e2e0_0, 0, 16;
    %delay 10, 0;
    %pushi/vec4 0, 0, 1;
    %store/vec4 v0x7fefc871e160_0, 0, 1;
    %delay 10, 0;
    %vpi_call 2 59 "$finish" {0 0 0};
    %end;
    .thread T_11;
# The file index is used to find the file name in the following table.
:file_names 7;
    "N/A";
    "<interactive>";
    "processor.v";
    "branch_pc.v";
    "jump_pc.v";
    "new_pc.v";
    "pc.v";
