#! /usr/local/Cellar/icarus-verilog/10.2/bin/vvp
:ivl_version "10.2 (stable)" "(v10_2)";
:ivl_delay_selection "TYPICAL";
:vpi_time_precision + 0;
:vpi_module "system";
:vpi_module "vhdl_sys";
:vpi_module "v2005_math";
:vpi_module "va_math";
S_0x7fb231f00160 .scope module, "instr_mem" "instr_mem" 2 1;
 .timescale 0 0;
    .port_info 0 /INPUT 32 "pc"
    .port_info 1 /OUTPUT 32 "inst"
v0x7fb231f00340_0 .var "inst", 31 0;
v0x7fb231f10400 .array "inst_mem_reg", 0 65535, 7 0;
o0x108aff038 .functor BUFZ 32, C4<zzzzzzzzzzzzzzzzzzzzzzzzzzzzzzzz>; HiZ drive
v0x7fb231f104a0_0 .net "pc", 31 0, o0x108aff038;  0 drivers
v0x7fb231f10540_0 .var "temp_pc", 15 0;
E_0x7fb231f00310 .event edge, v0x7fb231f104a0_0;
    .scope S_0x7fb231f00160;
T_0 ;
    %wait E_0x7fb231f00310;
    %load/vec4 v0x7fb231f104a0_0;
    %parti/s 16, 0, 2;
    %store/vec4 v0x7fb231f10540_0, 0, 16;
    %load/vec4 v0x7fb231f10540_0;
    %pad/u 18;
    %ix/vec4 4;
    %load/vec4a v0x7fb231f10400, 4;
    %load/vec4 v0x7fb231f10540_0;
    %pad/u 33;
    %addi 1, 0, 33;
    %ix/vec4 4;
    %load/vec4a v0x7fb231f10400, 4;
    %concat/vec4; draw_concat_vec4
    %load/vec4 v0x7fb231f10540_0;
    %pad/u 33;
    %addi 2, 0, 33;
    %ix/vec4 4;
    %load/vec4a v0x7fb231f10400, 4;
    %concat/vec4; draw_concat_vec4
    %load/vec4 v0x7fb231f10540_0;
    %pad/u 33;
    %addi 3, 0, 33;
    %ix/vec4 4;
    %load/vec4a v0x7fb231f10400, 4;
    %concat/vec4; draw_concat_vec4
    %store/vec4 v0x7fb231f00340_0, 0, 32;
    %jmp T_0;
    .thread T_0, $push;
# The file index is used to find the file name in the following table.
:file_names 3;
    "N/A";
    "<interactive>";
    "instr_mem.v";
