#! /usr/local/Cellar/icarus-verilog/10.2/bin/vvp
:ivl_version "10.2 (stable)" "(v10_2)";
:ivl_delay_selection "TYPICAL";
:vpi_time_precision + 0;
:vpi_module "system";
:vpi_module "vhdl_sys";
:vpi_module "v2005_math";
:vpi_module "va_math";
S_0x7fb95df00890 .scope module, "jump_pc" "jump_pc" 2 1;
 .timescale 0 0;
    .port_info 0 /INPUT 32 "in_pc"
    .port_info 1 /INPUT 26 "jumper"
    .port_info 2 /OUTPUT 32 "pc_jump"
    .port_info 3 /OUTPUT 32 "out_pc"
o0x10742b008 .functor BUFZ 32, C4<zzzzzzzzzzzzzzzzzzzzzzzzzzzzzzzz>; HiZ drive
v0x7fb95df00a80_0 .net "in_pc", 31 0, o0x10742b008;  0 drivers
o0x10742b038 .functor BUFZ 26, C4<zzzzzzzzzzzzzzzzzzzzzzzzzz>; HiZ drive
v0x7fb95dd102b0_0 .net "jumper", 25 0, o0x10742b038;  0 drivers
v0x7fb95dd10370_0 .var "out_pc", 31 0;
v0x7fb95dd10410_0 .var "pc_jump", 31 0;
E_0x7fb95df007a0 .event edge, v0x7fb95dd102b0_0, v0x7fb95dd10370_0;
E_0x7fb95df00a50 .event edge, v0x7fb95df00a80_0;
    .scope S_0x7fb95df00890;
T_0 ;
    %wait E_0x7fb95df00a50;
    %load/vec4 v0x7fb95df00a80_0;
    %addi 4, 0, 32;
    %store/vec4 v0x7fb95dd10370_0, 0, 32;
    %jmp T_0;
    .thread T_0, $push;
    .scope S_0x7fb95df00890;
T_1 ;
    %wait E_0x7fb95df007a0;
    %load/vec4 v0x7fb95dd10370_0;
    %parti/s 3, 29, 6;
    %load/vec4 v0x7fb95dd102b0_0;
    %ix/load 4, 2, 0;
    %flag_set/imm 4, 0;
    %shiftl 4;
    %concat/vec4; draw_concat_vec4
    %pad/u 32;
    %store/vec4 v0x7fb95dd10410_0, 0, 32;
    %jmp T_1;
    .thread T_1, $push;
# The file index is used to find the file name in the following table.
:file_names 3;
    "N/A";
    "<interactive>";
    "jump_pc.v";
