#! /usr/local/Cellar/icarus-verilog/10.2/bin/vvp
:ivl_version "10.2 (stable)" "(v10_2)";
:ivl_delay_selection "TYPICAL";
:vpi_time_precision + 0;
:vpi_module "system";
:vpi_module "vhdl_sys";
:vpi_module "v2005_math";
:vpi_module "va_math";
S_0x7f852cd05ca0 .scope module, "DataMem" "DataMem" 2 1;
 .timescale 0 0;
    .port_info 0 /INPUT 32 "alu_res"
    .port_info 1 /INPUT 32 "write_data"
    .port_info 2 /INPUT 1 "mem_write"
    .port_info 3 /INPUT 1 "mem_read"
    .port_info 4 /INPUT 1 "mem_to_reg"
    .port_info 5 /OUTPUT 32 "out_data"
o0x103d94008 .functor BUFZ 32, C4<zzzzzzzzzzzzzzzzzzzzzzzzzzzzzzzz>; HiZ drive
v0x7f852cd05e00_0 .net "alu_res", 31 0, o0x103d94008;  0 drivers
v0x7f852cd15d10_0 .var "alu_temp", 9 0;
v0x7f852cd15db0 .array "data", 0 1024, 31 0;
o0x103d94068 .functor BUFZ 1, C4<z>; HiZ drive
v0x7f852cd15e60_0 .net "mem_read", 0 0, o0x103d94068;  0 drivers
o0x103d94098 .functor BUFZ 1, C4<z>; HiZ drive
v0x7f852cd15ef0_0 .net "mem_to_reg", 0 0, o0x103d94098;  0 drivers
o0x103d940c8 .functor BUFZ 1, C4<z>; HiZ drive
v0x7f852cd15fd0_0 .net "mem_write", 0 0, o0x103d940c8;  0 drivers
v0x7f852cd16070_0 .var "out_data", 31 0;
v0x7f852cd16120_0 .var "temp_data", 31 0;
o0x103d94158 .functor BUFZ 32, C4<zzzzzzzzzzzzzzzzzzzzzzzzzzzzzzzz>; HiZ drive
v0x7f852cd161d0_0 .net "write_data", 31 0, o0x103d94158;  0 drivers
E_0x7f852cd018f0/0 .event edge, v0x7f852cd15fd0_0, v0x7f852cd15ef0_0, v0x7f852cd15e60_0, v0x7f852cd161d0_0;
E_0x7f852cd018f0/1 .event edge, v0x7f852cd05e00_0;
E_0x7f852cd018f0 .event/or E_0x7f852cd018f0/0, E_0x7f852cd018f0/1;
    .scope S_0x7f852cd05ca0;
T_0 ;
    %wait E_0x7f852cd018f0;
    %load/vec4 v0x7f852cd05e00_0;
    %parti/s 10, 0, 2;
    %store/vec4 v0x7f852cd15d10_0, 0, 10;
    %load/vec4 v0x7f852cd15fd0_0;
    %dup/vec4;
    %pushi/vec4 1, 0, 1;
    %cmp/u;
    %jmp/1 T_0.0, 6;
    %jmp T_0.1;
T_0.0 ;
    %load/vec4 v0x7f852cd161d0_0;
    %load/vec4 v0x7f852cd15d10_0;
    %pad/u 12;
    %ix/vec4 4;
    %store/vec4a v0x7f852cd15db0, 4, 0;
    %jmp T_0.1;
T_0.1 ;
    %pop/vec4 1;
    %load/vec4 v0x7f852cd15e60_0;
    %dup/vec4;
    %pushi/vec4 1, 0, 1;
    %cmp/u;
    %jmp/1 T_0.2, 6;
    %jmp T_0.3;
T_0.2 ;
    %load/vec4 v0x7f852cd15d10_0;
    %pad/u 12;
    %ix/vec4 4;
    %load/vec4a v0x7f852cd15db0, 4;
    %store/vec4 v0x7f852cd16120_0, 0, 32;
    %jmp T_0.3;
T_0.3 ;
    %pop/vec4 1;
    %load/vec4 v0x7f852cd15ef0_0;
    %dup/vec4;
    %pushi/vec4 0, 0, 1;
    %cmp/u;
    %jmp/1 T_0.4, 6;
    %dup/vec4;
    %pushi/vec4 1, 0, 1;
    %cmp/u;
    %jmp/1 T_0.5, 6;
    %jmp T_0.6;
T_0.4 ;
    %load/vec4 v0x7f852cd05e00_0;
    %store/vec4 v0x7f852cd16070_0, 0, 32;
    %jmp T_0.6;
T_0.5 ;
    %load/vec4 v0x7f852cd16120_0;
    %store/vec4 v0x7f852cd16070_0, 0, 32;
    %jmp T_0.6;
T_0.6 ;
    %pop/vec4 1;
    %jmp T_0;
    .thread T_0, $push;
# The file index is used to find the file name in the following table.
:file_names 3;
    "N/A";
    "<interactive>";
    "DataMem.v";
